  316212366_PROYECTOFINAL2023-1_GPO05.cpp
C:\Users\Kevin\Desktop\Escuela\Octavo Semestre\Computación Gráfica\316212366_PROYECTOFINAL2023-1_GPO5\ProyectoFinal\ProyectoFinal\modelAnim.h(104,44): warning C4244: '=': conversión de 'double' a 'float'; posible pérdida de datos
C:\Users\Kevin\Desktop\Escuela\Octavo Semestre\Computación Gráfica\316212366_PROYECTOFINAL2023-1_GPO5\ProyectoFinal\ProyectoFinal\modelAnim.h(519,24): warning C4244: 'inicializando': conversión de 'double' a 'float'; posible pérdida de datos
C:\Users\Kevin\Desktop\Escuela\Octavo Semestre\Computación Gráfica\316212366_PROYECTOFINAL2023-1_GPO5\ProyectoFinal\ProyectoFinal\316212366_PROYECTOFINAL2023-1_GPO05.cpp(324,24): warning C4244: 'inicializando': conversión de 'double' a 'GLfloat'; posible pérdida de datos
C:\Users\Kevin\Desktop\Escuela\Octavo Semestre\Computación Gráfica\316212366_PROYECTOFINAL2023-1_GPO5\ProyectoFinal\ProyectoFinal\316212366_PROYECTOFINAL2023-1_GPO05.cpp(359,21): warning C4244: '=': conversión de 'double' a 'T'; posible pérdida de datos
          with
          [
              T=float
          ]
C:\Users\Kevin\Desktop\Escuela\Octavo Semestre\Computación Gráfica\316212366_PROYECTOFINAL2023-1_GPO5\ProyectoFinal\ProyectoFinal\316212366_PROYECTOFINAL2023-1_GPO05.cpp(360,21): warning C4244: '=': conversión de 'double' a 'T'; posible pérdida de datos
          with
          [
              T=float
          ]
C:\Users\Kevin\Desktop\Escuela\Octavo Semestre\Computación Gráfica\316212366_PROYECTOFINAL2023-1_GPO5\ProyectoFinal\ProyectoFinal\316212366_PROYECTOFINAL2023-1_GPO05.cpp(380,22): warning C4244: '=': conversión de 'double' a 'T'; posible pérdida de datos
          with
          [
              T=float
          ]
C:\Users\Kevin\Desktop\Escuela\Octavo Semestre\Computación Gráfica\316212366_PROYECTOFINAL2023-1_GPO5\ProyectoFinal\ProyectoFinal\316212366_PROYECTOFINAL2023-1_GPO05.cpp(381,22): warning C4244: '=': conversión de 'double' a 'T'; posible pérdida de datos
          with
          [
              T=float
          ]
C:\Users\Kevin\Desktop\Escuela\Octavo Semestre\Computación Gráfica\316212366_PROYECTOFINAL2023-1_GPO5\ProyectoFinal\ProyectoFinal\316212366_PROYECTOFINAL2023-1_GPO05.cpp(532,23): warning C4244: '=': conversión de 'double' a 'float'; posible pérdida de datos
C:\Users\Kevin\Desktop\Escuela\Octavo Semestre\Computación Gráfica\316212366_PROYECTOFINAL2023-1_GPO5\ProyectoFinal\ProyectoFinal\316212366_PROYECTOFINAL2023-1_GPO05.cpp(771,17): warning C4305: '+=': truncamiento de 'double' a 'float'
C:\Users\Kevin\Desktop\Escuela\Octavo Semestre\Computación Gráfica\316212366_PROYECTOFINAL2023-1_GPO5\ProyectoFinal\ProyectoFinal\316212366_PROYECTOFINAL2023-1_GPO05.cpp(772,19): warning C4305: '+=': truncamiento de 'double' a 'float'
C:\Users\Kevin\Desktop\Escuela\Octavo Semestre\Computación Gráfica\316212366_PROYECTOFINAL2023-1_GPO5\ProyectoFinal\ProyectoFinal\316212366_PROYECTOFINAL2023-1_GPO05.cpp(857,11): warning C4244: '=': conversión de 'double' a 'GLfloat'; posible pérdida de datos
C:\Users\Kevin\Desktop\Escuela\Octavo Semestre\Computación Gráfica\316212366_PROYECTOFINAL2023-1_GPO5\ProyectoFinal\ProyectoFinal\316212366_PROYECTOFINAL2023-1_GPO05.cpp(858,11): warning C4244: '=': conversión de 'double' a 'GLfloat'; posible pérdida de datos
C:\Users\Kevin\Desktop\Escuela\Octavo Semestre\Computación Gráfica\316212366_PROYECTOFINAL2023-1_GPO5\ProyectoFinal\ProyectoFinal\316212366_PROYECTOFINAL2023-1_GPO05.cpp(862,18): warning C4244: 'inicializando': conversión de 'double' a 'GLfloat'; posible pérdida de datos
C:\Users\Kevin\Desktop\Escuela\Octavo Semestre\Computación Gráfica\316212366_PROYECTOFINAL2023-1_GPO5\ProyectoFinal\ProyectoFinal\316212366_PROYECTOFINAL2023-1_GPO05.cpp(863,18): warning C4244: 'inicializando': conversión de 'double' a 'GLfloat'; posible pérdida de datos
C:\Users\Kevin\Desktop\Escuela\Octavo Semestre\Computación Gráfica\316212366_PROYECTOFINAL2023-1_GPO5\ProyectoFinal\ProyectoFinal\316212366_PROYECTOFINAL2023-1_GPO05.cpp(865,10): warning C4244: '=': conversión de 'double' a 'GLfloat'; posible pérdida de datos
C:\Users\Kevin\Desktop\Escuela\Octavo Semestre\Computación Gráfica\316212366_PROYECTOFINAL2023-1_GPO5\ProyectoFinal\ProyectoFinal\316212366_PROYECTOFINAL2023-1_GPO05.cpp(866,10): warning C4244: '=': conversión de 'double' a 'GLfloat'; posible pérdida de datos
soil2-debug.lib(SOIL2.obj) : warning LNK4075: se omite '/EDITANDCONTINUE' debido a la especificación '/OPT:ICF'
LINK : warning LNK4098: la biblioteca predeterminada'MSVCRTD' entra en conflicto con otras bibliotecas; use la biblioteca /NODEFAULTLIB:biblioteca
  Generando código
  1042 of 1061 functions (98.2%) were compiled, the rest were copied from previous compilation.
    8 functions were new in current compilation
    2 functions had inline decision re-evaluated but remain unchanged
  Generación de código finalizada
soil2-debug.lib(etc1_utils.obj) : warning LNK4099: no se encontró PDB 'soil2-debug.pdb' con 'soil2-debug.lib(etc1_utils.obj)' o en 'C:\Users\Kevin\Desktop\Escuela\Octavo Semestre\Computación Gráfica\316212366_PROYECTOFINAL2023-1_GPO5\ProyectoFinal\Release\soil2-debug.pdb'; se vinculará el objeto sin tener en cuenta información de depuración
soil2-debug.lib(image_DXT.obj) : warning LNK4099: no se encontró PDB 'soil2-debug.pdb' con 'soil2-debug.lib(image_DXT.obj)' o en 'C:\Users\Kevin\Desktop\Escuela\Octavo Semestre\Computación Gráfica\316212366_PROYECTOFINAL2023-1_GPO5\ProyectoFinal\Release\soil2-debug.pdb'; se vinculará el objeto sin tener en cuenta información de depuración
soil2-debug.lib(image_helper.obj) : warning LNK4099: no se encontró PDB 'soil2-debug.pdb' con 'soil2-debug.lib(image_helper.obj)' o en 'C:\Users\Kevin\Desktop\Escuela\Octavo Semestre\Computación Gráfica\316212366_PROYECTOFINAL2023-1_GPO5\ProyectoFinal\Release\soil2-debug.pdb'; se vinculará el objeto sin tener en cuenta información de depuración
soil2-debug.lib(SOIL2.obj) : warning LNK4099: no se encontró PDB 'soil2-debug.pdb' con 'soil2-debug.lib(SOIL2.obj)' o en 'C:\Users\Kevin\Desktop\Escuela\Octavo Semestre\Computación Gráfica\316212366_PROYECTOFINAL2023-1_GPO5\ProyectoFinal\Release\soil2-debug.pdb'; se vinculará el objeto sin tener en cuenta información de depuración
  ProyectoFinal.vcxproj -> C:\Users\Kevin\Desktop\Escuela\Octavo Semestre\Computación Gráfica\316212366_PROYECTOFINAL2023-1_GPO5\ProyectoFinal\Release\ProyectoFinal.exe
