  316212366_PROYECTOFINAL2023-1_GPO12.cpp
C:\Users\Kevin\Desktop\Escuela\Octavo Semestre\Computación Gráfica\316212366_PROYECTOFINAL2023-1_GPO12\ProyectoFinal\ProyectoFinal\316212366_PROYECTOFINAL2023-1_GPO12.cpp(304,24): warning C4244: 'inicializando': conversión de 'double' a 'GLfloat'; posible pérdida de datos
C:\Users\Kevin\Desktop\Escuela\Octavo Semestre\Computación Gráfica\316212366_PROYECTOFINAL2023-1_GPO12\ProyectoFinal\ProyectoFinal\316212366_PROYECTOFINAL2023-1_GPO12.cpp(339,20): warning C4244: '=': conversión de 'double' a 'T'; posible pérdida de datos
          with
          [
              T=float
          ]
C:\Users\Kevin\Desktop\Escuela\Octavo Semestre\Computación Gráfica\316212366_PROYECTOFINAL2023-1_GPO12\ProyectoFinal\ProyectoFinal\316212366_PROYECTOFINAL2023-1_GPO12.cpp(340,21): warning C4244: '=': conversión de 'double' a 'T'; posible pérdida de datos
          with
          [
              T=float
          ]
C:\Users\Kevin\Desktop\Escuela\Octavo Semestre\Computación Gráfica\316212366_PROYECTOFINAL2023-1_GPO12\ProyectoFinal\ProyectoFinal\316212366_PROYECTOFINAL2023-1_GPO12.cpp(360,22): warning C4244: '=': conversión de 'double' a 'T'; posible pérdida de datos
          with
          [
              T=float
          ]
C:\Users\Kevin\Desktop\Escuela\Octavo Semestre\Computación Gráfica\316212366_PROYECTOFINAL2023-1_GPO12\ProyectoFinal\ProyectoFinal\316212366_PROYECTOFINAL2023-1_GPO12.cpp(361,22): warning C4244: '=': conversión de 'double' a 'T'; posible pérdida de datos
          with
          [
              T=float
          ]
C:\Users\Kevin\Desktop\Escuela\Octavo Semestre\Computación Gráfica\316212366_PROYECTOFINAL2023-1_GPO12\ProyectoFinal\ProyectoFinal\316212366_PROYECTOFINAL2023-1_GPO12.cpp(512,23): warning C4244: '=': conversión de 'double' a 'float'; posible pérdida de datos
C:\Users\Kevin\Desktop\Escuela\Octavo Semestre\Computación Gráfica\316212366_PROYECTOFINAL2023-1_GPO12\ProyectoFinal\ProyectoFinal\316212366_PROYECTOFINAL2023-1_GPO12.cpp(718,17): warning C4305: '+=': truncamiento de 'double' a 'float'
C:\Users\Kevin\Desktop\Escuela\Octavo Semestre\Computación Gráfica\316212366_PROYECTOFINAL2023-1_GPO12\ProyectoFinal\ProyectoFinal\316212366_PROYECTOFINAL2023-1_GPO12.cpp(719,19): warning C4305: '+=': truncamiento de 'double' a 'float'
C:\Users\Kevin\Desktop\Escuela\Octavo Semestre\Computación Gráfica\316212366_PROYECTOFINAL2023-1_GPO12\ProyectoFinal\ProyectoFinal\316212366_PROYECTOFINAL2023-1_GPO12.cpp(798,11): warning C4244: '=': conversión de 'double' a 'GLfloat'; posible pérdida de datos
C:\Users\Kevin\Desktop\Escuela\Octavo Semestre\Computación Gráfica\316212366_PROYECTOFINAL2023-1_GPO12\ProyectoFinal\ProyectoFinal\316212366_PROYECTOFINAL2023-1_GPO12.cpp(799,11): warning C4244: '=': conversión de 'double' a 'GLfloat'; posible pérdida de datos
C:\Users\Kevin\Desktop\Escuela\Octavo Semestre\Computación Gráfica\316212366_PROYECTOFINAL2023-1_GPO12\ProyectoFinal\ProyectoFinal\316212366_PROYECTOFINAL2023-1_GPO12.cpp(803,18): warning C4244: 'inicializando': conversión de 'double' a 'GLfloat'; posible pérdida de datos
C:\Users\Kevin\Desktop\Escuela\Octavo Semestre\Computación Gráfica\316212366_PROYECTOFINAL2023-1_GPO12\ProyectoFinal\ProyectoFinal\316212366_PROYECTOFINAL2023-1_GPO12.cpp(804,18): warning C4244: 'inicializando': conversión de 'double' a 'GLfloat'; posible pérdida de datos
C:\Users\Kevin\Desktop\Escuela\Octavo Semestre\Computación Gráfica\316212366_PROYECTOFINAL2023-1_GPO12\ProyectoFinal\ProyectoFinal\316212366_PROYECTOFINAL2023-1_GPO12.cpp(806,10): warning C4244: '=': conversión de 'double' a 'GLfloat'; posible pérdida de datos
C:\Users\Kevin\Desktop\Escuela\Octavo Semestre\Computación Gráfica\316212366_PROYECTOFINAL2023-1_GPO12\ProyectoFinal\ProyectoFinal\316212366_PROYECTOFINAL2023-1_GPO12.cpp(807,10): warning C4244: '=': conversión de 'double' a 'GLfloat'; posible pérdida de datos
LINK : warning LNK4098: la biblioteca predeterminada'MSVCRT' entra en conflicto con otras bibliotecas; use la biblioteca /NODEFAULTLIB:biblioteca
soil2-debug.lib(etc1_utils.obj) : warning LNK4099: no se encontró PDB 'soil2-debug.pdb' con 'soil2-debug.lib(etc1_utils.obj)' o en 'C:\Users\Kevin\Desktop\Escuela\Octavo Semestre\Computación Gráfica\316212366_PROYECTOFINAL2023-1_GPO12\ProyectoFinal\Debug\soil2-debug.pdb'; se vinculará el objeto sin tener en cuenta información de depuración
soil2-debug.lib(image_DXT.obj) : warning LNK4099: no se encontró PDB 'soil2-debug.pdb' con 'soil2-debug.lib(image_DXT.obj)' o en 'C:\Users\Kevin\Desktop\Escuela\Octavo Semestre\Computación Gráfica\316212366_PROYECTOFINAL2023-1_GPO12\ProyectoFinal\Debug\soil2-debug.pdb'; se vinculará el objeto sin tener en cuenta información de depuración
soil2-debug.lib(image_helper.obj) : warning LNK4099: no se encontró PDB 'soil2-debug.pdb' con 'soil2-debug.lib(image_helper.obj)' o en 'C:\Users\Kevin\Desktop\Escuela\Octavo Semestre\Computación Gráfica\316212366_PROYECTOFINAL2023-1_GPO12\ProyectoFinal\Debug\soil2-debug.pdb'; se vinculará el objeto sin tener en cuenta información de depuración
soil2-debug.lib(SOIL2.obj) : warning LNK4099: no se encontró PDB 'soil2-debug.pdb' con 'soil2-debug.lib(SOIL2.obj)' o en 'C:\Users\Kevin\Desktop\Escuela\Octavo Semestre\Computación Gráfica\316212366_PROYECTOFINAL2023-1_GPO12\ProyectoFinal\Debug\soil2-debug.pdb'; se vinculará el objeto sin tener en cuenta información de depuración
  ProyectoFinal.vcxproj -> C:\Users\Kevin\Desktop\Escuela\Octavo Semestre\Computación Gráfica\316212366_PROYECTOFINAL2023-1_GPO12\ProyectoFinal\Debug\ProyectoFinal.exe
